<?xml version="1.0" encoding="UTF-8"?>
<testsuite name="tests.TestBase" tests="1" skipped="0" failures="0" errors="0" timestamp="2020-04-15T13:05:29" hostname="LAPTOP-BUCE9PJ7" time="11.753">
  <properties/>
  <testcase name="tinkoffExchangeUITest" classname="tests.TestBase" time="11.753"/>
  <system-out><![CDATA[]]></system-out>
  <system-err><![CDATA[SLF4J: Failed to load class "org.slf4j.impl.StaticLoggerBinder".
SLF4J: Defaulting to no-operation (NOP) logger implementation
SLF4J: See http://www.slf4j.org/codes.html#StaticLoggerBinder for further details.
Starting ChromeDriver 81.0.4044.69 (6813546031a4bc83f717a2ef7cd4ac6ec1199132-refs/branch-heads/4044@{#776}) on port 27990
Only local connections are allowed.
Please protect ports used by ChromeDriver and related test frameworks to prevent access by malicious code.
апр. 15, 2020 6:05:35 PM org.openqa.selenium.remote.ProtocolHandshake createSession
INFO: Detected dialect: W3C
[1586955936.905][SEVERE]: Timed out receiving message from renderer: 0.100
[1586955937.030][SEVERE]: Timed out receiving message from renderer: 0.100
[1586955937.556][SEVERE]: Timed out receiving message from renderer: 0.100
[1586955937.976][SEVERE]: Timed out receiving message from renderer: 0.100
[1586955938.322][SEVERE]: Timed out receiving message from renderer: 0.100
[1586955939.782][SEVERE]: Timed out receiving message from renderer: 0.100
[1586955939.947][SEVERE]: Timed out receiving message from renderer: 0.100
[1586955940.048][SEVERE]: Timed out receiving message from renderer: 0.100
[1586955940.149][SEVERE]: Timed out receiving message from renderer: 0.100
[1586955940.250][SEVERE]: Timed out receiving message from renderer: 0.100
[1586955940.352][SEVERE]: Timed out receiving message from renderer: 0.100
]]></system-err>
</testsuite>
